Warning: You are sending unauthenticated requests to the HF Hub. Please set a HF_TOKEN to enable higher rate limits and faster downloads.
[transformers] `torch_dtype` is deprecated! Use `dtype` instead!

Loading weights:   0%|          | 0/398 [00:00<?, ?it/s]
Loading weights:   0%|          | 1/398 [00:05<38:25,  5.81s/it]
Loading weights:  19%|█▉        | 77/398 [00:05<00:17, 18.21it/s]
Loading weights:  27%|██▋       | 108/398 [00:08<00:18, 15.37it/s]
Loading weights:  32%|███▏      | 126/398 [00:09<00:18, 14.71it/s]
Loading weights:  34%|███▍      | 137/398 [00:10<00:17, 15.16it/s]
Loading weights:  36%|███▋      | 145/398 [00:10<00:15, 16.46it/s]
Loading weights:  38%|███▊      | 152/398 [00:11<00:15, 15.80it/s]
Loading weights:  39%|███▉      | 157/398 [00:11<00:16, 15.00it/s]
Loading weights:  40%|████      | 161/398 [00:11<00:15, 15.74it/s]
Loading weights:  41%|████▏     | 165/398 [00:12<00:16, 13.74it/s]
Loading weights:  42%|████▏     | 168/398 [00:12<00:15, 14.50it/s]
Loading weights:  44%|████▍     | 176/398 [00:12<00:13, 16.81it/s]
Loading weights:  45%|████▍     | 179/398 [00:13<00:12, 17.81it/s]
Loading weights:  46%|████▌     | 182/398 [00:13<00:13, 16.29it/s]
Loading weights:  47%|████▋     | 188/398 [00:13<00:10, 20.22it/s]
Loading weights:  48%|████▊     | 191/398 [00:13<00:10, 19.39it/s]
Loading weights:  49%|████▊     | 194/398 [00:14<00:14, 14.16it/s]
Loading weights:  51%|█████     | 201/398 [00:14<00:11, 17.08it/s]
Loading weights:  51%|█████     | 203/398 [00:14<00:12, 15.74it/s]
Loading weights:  53%|█████▎    | 209/398 [00:14<00:09, 20.75it/s]
Loading weights:  53%|█████▎    | 212/398 [00:15<00:12, 14.88it/s]
Loading weights:  54%|█████▍    | 214/398 [00:15<00:11, 15.45it/s]
Loading weights:  55%|█████▌    | 220/398 [00:15<00:08, 22.15it/s]
Loading weights:  56%|█████▌    | 223/398 [00:15<00:10, 17.19it/s]
Loading weights:  57%|█████▋    | 226/398 [00:15<00:12, 13.35it/s]
Loading weights:  59%|█████▉    | 234/398 [00:16<00:12, 13.49it/s]
Loading weights:  59%|█████▉    | 236/398 [00:16<00:11, 13.84it/s]
Loading weights:  61%|██████    | 242/398 [00:16<00:08, 18.03it/s]
Loading weights:  62%|██████▏   | 245/398 [00:17<00:09, 16.56it/s]
Loading weights:  62%|██████▏   | 247/398 [00:17<00:09, 16.06it/s]
Loading weights:  64%|██████▍   | 256/398 [00:17<00:07, 20.02it/s]
Loading weights:  65%|██████▌   | 259/398 [00:17<00:07, 18.66it/s]
Loading weights:  67%|██████▋   | 267/398 [00:18<00:06, 21.20it/s]
Loading weights:  68%|██████▊   | 270/398 [00:18<00:09, 13.70it/s]
Loading weights:  70%|██████▉   | 278/398 [00:18<00:06, 18.21it/s]
Loading weights:  71%|███████   | 281/398 [00:19<00:08, 13.80it/s]
Loading weights:  73%|███████▎  | 289/398 [00:19<00:06, 17.98it/s]
Loading weights:  73%|███████▎  | 292/398 [00:19<00:06, 15.76it/s]
Loading weights:  75%|███████▍  | 297/398 [00:20<00:05, 17.54it/s]
Loading weights:  75%|███████▌  | 300/398 [00:20<00:06, 16.01it/s]
Loading weights:  76%|███████▌  | 302/398 [00:20<00:07, 12.83it/s]
Loading weights:  78%|███████▊  | 311/398 [00:20<00:05, 17.13it/s]
Loading weights:  79%|███████▊  | 313/398 [00:21<00:06, 12.31it/s]
Loading weights:  81%|████████▏ | 324/398 [00:21<00:03, 19.45it/s]
Loading weights:  83%|████████▎ | 330/398 [00:21<00:02, 22.77it/s]
Loading weights:  84%|████████▎ | 333/398 [00:22<00:03, 17.50it/s]
Loading weights:  84%|████████▍ | 336/398 [00:22<00:03, 17.02it/s]
Loading weights:  86%|████████▋ | 344/398 [00:22<00:02, 19.45it/s]
Loading weights:  87%|████████▋ | 347/398 [00:22<00:02, 19.36it/s]
Loading weights:  89%|████████▉ | 355/398 [00:23<00:01, 22.62it/s]
Loading weights:  90%|████████▉ | 358/398 [00:23<00:02, 16.25it/s]
Loading weights:  92%|█████████▏| 366/398 [00:23<00:01, 17.64it/s]
Loading weights:  92%|█████████▏| 368/398 [00:24<00:01, 16.47it/s]
Loading weights:  94%|█████████▍| 374/398 [00:24<00:01, 20.83it/s]
Loading weights:  95%|█████████▍| 377/398 [00:24<00:01, 15.46it/s]
Loading weights:  97%|█████████▋| 385/398 [00:25<00:00, 18.73it/s]
Loading weights:  97%|█████████▋| 388/398 [00:25<00:00, 15.30it/s]
Loading weights:  98%|█████████▊| 390/398 [00:25<00:00, 15.37it/s]
Loading weights: 100%|█████████▉| 397/398 [00:25<00:00, 22.26it/s]
Loading weights: 100%|██████████| 398/398 [00:25<00:00, 15.53it/s]
